<?xml version="1.0" encoding="UTF-8"?>
<!-- Generated by org.testng.reporters.JUnitReportReporter -->
<testsuite hostname="Rohits-MacBook-Pro.local" failures="0" tests="3" name="rahulshettyacademy.tests.SubmitOrderTest" time="25.857" errors="0" timestamp="2025-03-10T13:17:37 GMT-05:00" skipped="0">
  <testcase classname="rahulshettyacademy.tests.SubmitOrderTest" name="submitOrder" time="9.246"/>
  <testcase classname="rahulshettyacademy.tests.SubmitOrderTest" name="submitOrder" time="9.841"/>
  <testcase classname="rahulshettyacademy.tests.SubmitOrderTest" name="OrderHistoryTest" time="6.770"/>
</testsuite> <!-- rahulshettyacademy.tests.SubmitOrderTest -->
