<?xml version="1.0" encoding="UTF-8"?>
<!-- Generated by org.testng.reporters.JUnitReportReporter -->
<testsuite hostname="Rohits-MBP.hsd1.tn.comcast.net" failures="0" tests="2" name="rahulshettyacademy.tests.ErrorValidationsTest" time="26.782" errors="0" timestamp="2025-03-21T14:34:26 GMT-05:00" skipped="0">
  <testcase classname="rahulshettyacademy.tests.ErrorValidationsTest" name="LoginErrorValidation" time="6.450"/>
  <testcase classname="rahulshettyacademy.tests.ErrorValidationsTest" name="ProductErrorValidation" time="20.332"/>
</testsuite> <!-- rahulshettyacademy.tests.ErrorValidationsTest -->
