<?xml version="1.0" encoding="UTF-8"?>
<!-- Generated by org.testng.reporters.JUnitReportReporter -->
<testsuite hostname="Rohits-MBP.hsd1.tn.comcast.net" failures="0" tests="3" name="rahulshettyacademy.tests.SubmitOrderTest" time="26.791" errors="0" timestamp="2025-03-21T14:34:26 GMT-05:00" skipped="0">
  <testcase classname="rahulshettyacademy.tests.SubmitOrderTest" name="submitOrder" time="8.966"/>
  <testcase classname="rahulshettyacademy.tests.SubmitOrderTest" name="submitOrder" time="11.839"/>
  <testcase classname="rahulshettyacademy.tests.SubmitOrderTest" name="OrderHistoryTest" time="5.986"/>
</testsuite> <!-- rahulshettyacademy.tests.SubmitOrderTest -->
