<?xml version="1.0" encoding="UTF-8"?>
<!-- Generated by org.testng.reporters.JUnitReportReporter -->
<testsuite hostname="Rohits-MacBook-Pro.local" failures="0" tests="2" name="rahulshettyacademy.tests.ErrorValidationsTest" time="18.799" errors="0" timestamp="2025-03-09T17:14:38 GMT-05:00" skipped="0">
  <testcase classname="rahulshettyacademy.tests.ErrorValidationsTest" name="ProductErrorValidation" time="11.317"/>
  <testcase classname="rahulshettyacademy.tests.ErrorValidationsTest" name="LoginErrorValidation" time="7.482"/>
</testsuite> <!-- rahulshettyacademy.tests.ErrorValidationsTest -->
