<?xml version="1.0" encoding="UTF-8"?>
<!-- Generated by org.testng.reporters.JUnitReportReporter -->
<testsuite hostname="Rohits-MacBook-Pro.local" failures="0" tests="2" name="rahulshettyacademy.tests.ErrorValidationsTest" time="15.861" errors="0" timestamp="2025-03-10T13:17:37 GMT-05:00" skipped="0">
  <testcase classname="rahulshettyacademy.tests.ErrorValidationsTest" name="ProductErrorValidation" time="8.833"/>
  <testcase classname="rahulshettyacademy.tests.ErrorValidationsTest" name="LoginErrorValidation" time="7.028"/>
</testsuite> <!-- rahulshettyacademy.tests.ErrorValidationsTest -->
