<?xml version="1.0" encoding="UTF-8"?>
<!-- Generated by org.testng.reporters.JUnitReportReporter -->
<testsuite hostname="Rohits-MacBook-Pro.local" failures="0" tests="3" name="rahulshettyacademy.tests.SubmitOrderTest" time="25.207" errors="0" timestamp="2025-03-09T17:14:38 GMT-05:00" skipped="0">
  <testcase classname="rahulshettyacademy.tests.SubmitOrderTest" name="submitOrder" time="9.462"/>
  <testcase classname="rahulshettyacademy.tests.SubmitOrderTest" name="OrderHistoryTest" time="5.762"/>
  <testcase classname="rahulshettyacademy.tests.SubmitOrderTest" name="submitOrder" time="9.983"/>
</testsuite> <!-- rahulshettyacademy.tests.SubmitOrderTest -->
